17:00:40 **** Build of configuration Debug for project F103BootloaderOnUsb ****
make -j16 all 
arm-none-eabi-gcc "../USB_DEVICE/Target/usbd_conf.c" -mcpu=cortex-m3 -std=gnu11 -g3 -DDEBUG -DUSE_HAL_DRIVER -DSTM32F103xB -c -I../Core/Inc -IC:/Users/senya/STM32Cube/Repository/STM32Cube_FW_F1_V1.8.6/Drivers/STM32F1xx_HAL_Driver/Inc/Legacy -IC:/Users/senya/STM32Cube/Repository/STM32Cube_FW_F1_V1.8.6/Drivers/STM32F1xx_HAL_Driver/Inc -IC:/Users/senya/STM32Cube/Repository/STM32Cube_FW_F1_V1.8.6/Drivers/CMSIS/Device/ST/STM32F1xx/Include -IC:/Users/senya/STM32Cube/Repository/STM32Cube_FW_F1_V1.8.6/Drivers/CMSIS/Include -I../USB_DEVICE/App -I../USB_DEVICE/Target -IC:/Users/senya/STM32Cube/Repository/STM32Cube_FW_F1_V1.8.6/Middlewares/ST/STM32_USB_Device_Library/Core/Inc -IC:/Users/senya/STM32Cube/Repository/STM32Cube_FW_F1_V1.8.6/Middlewares/ST/STM32_USB_Device_Library/Class/CDC/Inc -O0 -ffunction-sections -fdata-sections -Wall -fstack-usage -fcyclomatic-complexity -MMD -MP -MF"USB_DEVICE/Target/usbd_conf.d" -MT"USB_DEVICE/Target/usbd_conf.o" --specs=nano.specs -mfloat-abi=soft -mthumb -o "USB_DEVICE/Target/usbd_conf.o"
arm-none-eabi-gcc "../USB_DEVICE/App/usb_device.c" -mcpu=cortex-m3 -std=gnu11 -g3 -DDEBUG -DUSE_HAL_DRIVER -DSTM32F103xB -c -I../Core/Inc -IC:/Users/senya/STM32Cube/Repository/STM32Cube_FW_F1_V1.8.6/Drivers/STM32F1xx_HAL_Driver/Inc/Legacy -IC:/Users/senya/STM32Cube/Repository/STM32Cube_FW_F1_V1.8.6/Drivers/STM32F1xx_HAL_Driver/Inc -IC:/Users/senya/STM32Cube/Repository/STM32Cube_FW_F1_V1.8.6/Drivers/CMSIS/Device/ST/STM32F1xx/Include -IC:/Users/senya/STM32Cube/Repository/STM32Cube_FW_F1_V1.8.6/Drivers/CMSIS/Include -I../USB_DEVICE/App -I../USB_DEVICE/Target -IC:/Users/senya/STM32Cube/Repository/STM32Cube_FW_F1_V1.8.6/Middlewares/ST/STM32_USB_Device_Library/Core/Inc -IC:/Users/senya/STM32Cube/Repository/STM32Cube_FW_F1_V1.8.6/Middlewares/ST/STM32_USB_Device_Library/Class/CDC/Inc -O0 -ffunction-sections -fdata-sections -Wall -fstack-usage -fcyclomatic-complexity -MMD -MP -MF"USB_DEVICE/App/usb_device.d" -MT"USB_DEVICE/App/usb_device.o" --specs=nano.specs -mfloat-abi=soft -mthumb -o "USB_DEVICE/App/usb_device.o"
arm-none-eabi-gcc "../USB_DEVICE/App/usbd_cdc_if.c" -mcpu=cortex-m3 -std=gnu11 -g3 -DDEBUG -DUSE_HAL_DRIVER -DSTM32F103xB -c -I../Core/Inc -IC:/Users/senya/STM32Cube/Repository/STM32Cube_FW_F1_V1.8.6/Drivers/STM32F1xx_HAL_Driver/Inc/Legacy -IC:/Users/senya/STM32Cube/Repository/STM32Cube_FW_F1_V1.8.6/Drivers/STM32F1xx_HAL_Driver/Inc -IC:/Users/senya/STM32Cube/Repository/STM32Cube_FW_F1_V1.8.6/Drivers/CMSIS/Device/ST/STM32F1xx/Include -IC:/Users/senya/STM32Cube/Repository/STM32Cube_FW_F1_V1.8.6/Drivers/CMSIS/Include -I../USB_DEVICE/App -I../USB_DEVICE/Target -IC:/Users/senya/STM32Cube/Repository/STM32Cube_FW_F1_V1.8.6/Middlewares/ST/STM32_USB_Device_Library/Core/Inc -IC:/Users/senya/STM32Cube/Repository/STM32Cube_FW_F1_V1.8.6/Middlewares/ST/STM32_USB_Device_Library/Class/CDC/Inc -O0 -ffunction-sections -fdata-sections -Wall -fstack-usage -fcyclomatic-complexity -MMD -MP -MF"USB_DEVICE/App/usbd_cdc_if.d" -MT"USB_DEVICE/App/usbd_cdc_if.o" --specs=nano.specs -mfloat-abi=soft -mthumb -o "USB_DEVICE/App/usbd_cdc_if.o"
arm-none-eabi-gcc "../USB_DEVICE/App/usbd_desc.c" -mcpu=cortex-m3 -std=gnu11 -g3 -DDEBUG -DUSE_HAL_DRIVER -DSTM32F103xB -c -I../Core/Inc -IC:/Users/senya/STM32Cube/Repository/STM32Cube_FW_F1_V1.8.6/Drivers/STM32F1xx_HAL_Driver/Inc/Legacy -IC:/Users/senya/STM32Cube/Repository/STM32Cube_FW_F1_V1.8.6/Drivers/STM32F1xx_HAL_Driver/Inc -IC:/Users/senya/STM32Cube/Repository/STM32Cube_FW_F1_V1.8.6/Drivers/CMSIS/Device/ST/STM32F1xx/Include -IC:/Users/senya/STM32Cube/Repository/STM32Cube_FW_F1_V1.8.6/Drivers/CMSIS/Include -I../USB_DEVICE/App -I../USB_DEVICE/Target -IC:/Users/senya/STM32Cube/Repository/STM32Cube_FW_F1_V1.8.6/Middlewares/ST/STM32_USB_Device_Library/Core/Inc -IC:/Users/senya/STM32Cube/Repository/STM32Cube_FW_F1_V1.8.6/Middlewares/ST/STM32_USB_Device_Library/Class/CDC/Inc -O0 -ffunction-sections -fdata-sections -Wall -fstack-usage -fcyclomatic-complexity -MMD -MP -MF"USB_DEVICE/App/usbd_desc.d" -MT"USB_DEVICE/App/usbd_desc.o" --specs=nano.specs -mfloat-abi=soft -mthumb -o "USB_DEVICE/App/usbd_desc.o"
make: *** No rule to make target 'C:/STM32Cube/Repository/STM32Cube_FW_F1_V1.8.6/Middlewares/ST/STM32_USB_Device_Library/Class/CDC/Src/usbd_cdc.c', needed by 'Middlewares/USB_Device_Library/usbd_cdc.o'.  Stop.
make: *** Waiting for unfinished jobs....
../USB_DEVICE/Target/usbd_conf.c:22:10: fatal error: stm32f1xx.h: No such file or directory
   22 | #include "stm32f1xx.h"
      |          ^~~~~~~~~~~~~
In file included from ../USB_DEVICE/App/usb_device.c:23:
../USB_DEVICE/App/usb_device.h:30:10: fatal error: stm32f1xx.h: No such file or directory
   30 | #include "stm32f1xx.h"
      |          ^~~~~~~~~~~~~
compilation terminated.
compilation terminated.
In file included from ../USB_DEVICE/App/usbd_cdc_if.c:22:
../USB_DEVICE/App/usbd_cdc_if.h:30:10: fatal error: usbd_cdc.h: No such file or directory
   30 | #include "usbd_cdc.h"
      |          ^~~~~~~~~~~~
compilation terminated.
make: *** [USB_DEVICE/App/subdir.mk:25: USB_DEVICE/App/usb_device.o] Error 1
make: *** [USB_DEVICE/Target/subdir.mk:19: USB_DEVICE/Target/usbd_conf.o] Error 1
../USB_DEVICE/App/usbd_desc.c:22:10: fatal error: usbd_core.h: No such file or directory
   22 | #include "usbd_core.h"
      |          ^~~~~~~~~~~~~
compilation terminated.
make: *** [USB_DEVICE/App/subdir.mk:25: USB_DEVICE/App/usbd_cdc_if.o] Error 1
make: *** [USB_DEVICE/App/subdir.mk:25: USB_DEVICE/App/usbd_desc.o] Error 1
"make -j16 all" terminated with exit code 2. Build might be incomplete.

17:00:40 Build Failed. 10 errors, 0 warnings. (took 431ms)

